{"name": "Verify jobs menu expands and submenu is visible", "status": "broken", "statusDetails": {"message": "selenium.common.exceptions.NoSuchElementException: Message: no such element: Unable to locate element: {\"method\":\"xpath\",\"selector\":\"//p[@class='error-message2 px-4 py-2 shadow-lg']\"}\n  (Session info: chrome=138.0.7204.101); For documentation on this error, please visit: https://www.selenium.dev/documentation/webdriver/troubleshooting/errors#nosuchelementexception\nStacktrace:\n\tGetHandleVerifier [0x0x12244a3+62419]\n\tGetHandleVerifier [0x0x12244e4+62484]\n\t(No symbol) [0x0x1062133]\n\t(No symbol) [0x0x10aa8fe]\n\t(No symbol) [0x0x10aac9b]\n\t(No symbol) [0x0x10f3052]\n\t(No symbol) [0x0x10cf4b4]\n\t(No symbol) [0x0x10f087a]\n\t(No symbol) [0x0x10cf266]\n\t(No symbol) [0x0x109e852]\n\t(No symbol) [0x0x109f6f4]\n\tGetHandleVerifier [0x0x1494793+2619075]\n\tGetHandleVerifier [0x0x148fbaa+2599642]\n\tGetHandleVerifier [0x0x124b04a+221050]\n\tGetHandleVerifier [0x0x123b2c8+156152]\n\tGetHandleVerifier [0x0x1241c7d+183213]\n\tGetHandleVerifier [0x0x122c388+94904]\n\tGetHandleVerifier [0x0x122c512+95298]\n\tGetHandleVerifier [0x0x121766a+9626]\n\tBaseThreadInitThunk [0x0x75e2fcc9+25]\n\tRtlGetAppContainerNamedObjectPath [0x0x77ab82ae+286]\n\tRtlGetAppContainerNamedObjectPath [0x0x77ab827e+238]", "trace": "self = <test_job_search.TestHomePage object at 0x000001C7F8711280>\n\n    @allure.title(\"Verify jobs menu expands and submenu is visible\")\n    @allure.tag(\"Sanity\")\n    def test_search_job_by_location(self):\n        with allure.step(\"Searching job by location\"):\n            try:\n                self.web_driver_functions.enter_text(self.home_page.LOCATION_INPUT,\"Jodhpur\",\"Adding Location\")\n                print(\"Successfully entered Location\")\n            except Exception as e:\n                print(f\"Failed to enter location text: {e}\")\n            self.web_driver_functions.click_element(self.home_page.JOB_SEARCH_BUTTON,\"searching job\")\n            time.sleep(20)\n>           message = self.driver.find_element(By.XPATH,\"//p[@class='error-message2 px-4 py-2 shadow-lg']\")\n                      ^^^^^^^^^^^^^^^^^^^^^^^^^^^^^^^^^^^^^^^^^^^^^^^^^^^^^^^^^^^^^^^^^^^^^^^^^^^^^^^^^^^^^\n\ntestsuites\\jobeze\\test_job_search.py:52: \n_ _ _ _ _ _ _ _ _ _ _ _ _ _ _ _ _ _ _ _ _ _ _ _ _ _ _ _ _ _ _ _ _ _ _ _ _ _ _ _ _ _ _ _ _ _ _ _ _ _ _ _ _ _ _ _ _ _ _ _ _ _ _ _ _ \nvenv\\Lib\\site-packages\\selenium\\webdriver\\remote\\webdriver.py:922: in find_element\n    return self.execute(Command.FIND_ELEMENT, {\"using\": by, \"value\": value})[\"value\"]\n           ^^^^^^^^^^^^^^^^^^^^^^^^^^^^^^^^^^^^^^^^^^^^^^^^^^^^^^^^^^^^^^^^^\nvenv\\Lib\\site-packages\\selenium\\webdriver\\remote\\webdriver.py:454: in execute\n    self.error_handler.check_response(response)\n_ _ _ _ _ _ _ _ _ _ _ _ _ _ _ _ _ _ _ _ _ _ _ _ _ _ _ _ _ _ _ _ _ _ _ _ _ _ _ _ _ _ _ _ _ _ _ _ _ _ _ _ _ _ _ _ _ _ _ _ _ _ _ _ _ \n\nself = <selenium.webdriver.remote.errorhandler.ErrorHandler object at 0x000001C7F87458B0>\nresponse = {'status': 404, 'value': '{\"value\":{\"error\":\"no such element\",\"message\":\"no such element: Unable to locate element: {\\...tRtlGetAppContainerNamedObjectPath [0x0x77ab82ae+286]\\\\n\\\\tRtlGetAppContainerNamedObjectPath [0x0x77ab827e+238]\\\\n\"}}'}\n\n    def check_response(self, response: dict[str, Any]) -> None:\n        \"\"\"Checks that a JSON response from the WebDriver does not have an\n        error.\n    \n        :Args:\n         - response - The JSON response from the WebDriver server as a dictionary\n           object.\n    \n        :Raises: If the response contains an error message.\n        \"\"\"\n        status = response.get(\"status\", None)\n        if not status or status == ErrorCode.SUCCESS:\n            return\n        value = None\n        message = response.get(\"message\", \"\")\n        screen: str = response.get(\"screen\", \"\")\n        stacktrace = None\n        if isinstance(status, int):\n            value_json = response.get(\"value\", None)\n            if value_json and isinstance(value_json, str):\n                try:\n                    value = json.loads(value_json)\n                    if isinstance(value, dict):\n                        if len(value) == 1:\n                            value = value[\"value\"]\n                        status = value.get(\"error\", None)\n                        if not status:\n                            status = value.get(\"status\", ErrorCode.UNKNOWN_ERROR)\n                            message = value.get(\"value\") or value.get(\"message\")\n                            if not isinstance(message, str):\n                                value = message\n                                message = message.get(\"message\")\n                        else:\n                            message = value.get(\"message\", None)\n                except ValueError:\n                    pass\n    \n        exception_class: type[WebDriverException]\n        e = ErrorCode()\n        error_codes = [item for item in dir(e) if not item.startswith(\"__\")]\n        for error_code in error_codes:\n            error_info = getattr(ErrorCode, error_code)\n            if isinstance(error_info, list) and status in error_info:\n                exception_class = getattr(ExceptionMapping, error_code, WebDriverException)\n                break\n        else:\n            exception_class = WebDriverException\n    \n        if not value:\n            value = response[\"value\"]\n        if isinstance(value, str):\n            raise exception_class(value)\n        if message == \"\" and \"message\" in value:\n            message = value[\"message\"]\n    \n        screen = None  # type: ignore[assignment]\n        if \"screen\" in value:\n            screen = value[\"screen\"]\n    \n        stacktrace = None\n        st_value = value.get(\"stackTrace\") or value.get(\"stacktrace\")\n        if st_value:\n            if isinstance(st_value, str):\n                stacktrace = st_value.split(\"\\n\")\n            else:\n                stacktrace = []\n                try:\n                    for frame in st_value:\n                        line = frame.get(\"lineNumber\", \"\")\n                        file = frame.get(\"fileName\", \"<anonymous>\")\n                        if line:\n                            file = f\"{file}:{line}\"\n                        meth = frame.get(\"methodName\", \"<anonymous>\")\n                        if \"className\" in frame:\n                            meth = f\"{frame['className']}.{meth}\"\n                        msg = \"    at %s (%s)\"\n                        msg = msg % (meth, file)\n                        stacktrace.append(msg)\n                except TypeError:\n                    pass\n        if exception_class == UnexpectedAlertPresentException:\n            alert_text = None\n            if \"data\" in value:\n                alert_text = value[\"data\"].get(\"text\")\n            elif \"alert\" in value:\n                alert_text = value[\"alert\"].get(\"text\")\n            raise exception_class(message, screen, stacktrace, alert_text)  # type: ignore[call-arg]  # mypy is not smart enough here\n>       raise exception_class(message, screen, stacktrace)\nE       selenium.common.exceptions.NoSuchElementException: Message: no such element: Unable to locate element: {\"method\":\"xpath\",\"selector\":\"//p[@class='error-message2 px-4 py-2 shadow-lg']\"}\nE         (Session info: chrome=138.0.7204.101); For documentation on this error, please visit: https://www.selenium.dev/documentation/webdriver/troubleshooting/errors#nosuchelementexception\nE       Stacktrace:\nE       \tGetHandleVerifier [0x0x12244a3+62419]\nE       \tGetHandleVerifier [0x0x12244e4+62484]\nE       \t(No symbol) [0x0x1062133]\nE       \t(No symbol) [0x0x10aa8fe]\nE       \t(No symbol) [0x0x10aac9b]\nE       \t(No symbol) [0x0x10f3052]\nE       \t(No symbol) [0x0x10cf4b4]\nE       \t(No symbol) [0x0x10f087a]\nE       \t(No symbol) [0x0x10cf266]\nE       \t(No symbol) [0x0x109e852]\nE       \t(No symbol) [0x0x109f6f4]\nE       \tGetHandleVerifier [0x0x1494793+2619075]\nE       \tGetHandleVerifier [0x0x148fbaa+2599642]\nE       \tGetHandleVerifier [0x0x124b04a+221050]\nE       \tGetHandleVerifier [0x0x123b2c8+156152]\nE       \tGetHandleVerifier [0x0x1241c7d+183213]\nE       \tGetHandleVerifier [0x0x122c388+94904]\nE       \tGetHandleVerifier [0x0x122c512+95298]\nE       \tGetHandleVerifier [0x0x121766a+9626]\nE       \tBaseThreadInitThunk [0x0x75e2fcc9+25]\nE       \tRtlGetAppContainerNamedObjectPath [0x0x77ab82ae+286]\nE       \tRtlGetAppContainerNamedObjectPath [0x0x77ab827e+238]\n\nvenv\\Lib\\site-packages\\selenium\\webdriver\\remote\\errorhandler.py:232: NoSuchElementException"}, "steps": [{"name": "Searching job by location", "status": "broken", "statusDetails": {"message": "selenium.common.exceptions.NoSuchElementException: Message: no such element: Unable to locate element: {\"method\":\"xpath\",\"selector\":\"//p[@class='error-message2 px-4 py-2 shadow-lg']\"}\n  (Session info: chrome=138.0.7204.101); For documentation on this error, please visit: https://www.selenium.dev/documentation/webdriver/troubleshooting/errors#nosuchelementexception\nStacktrace:\n\tGetHandleVerifier [0x0x12244a3+62419]\n\tGetHandleVerifier [0x0x12244e4+62484]\n\t(No symbol) [0x0x1062133]\n\t(No symbol) [0x0x10aa8fe]\n\t(No symbol) [0x0x10aac9b]\n\t(No symbol) [0x0x10f3052]\n\t(No symbol) [0x0x10cf4b4]\n\t(No symbol) [0x0x10f087a]\n\t(No symbol) [0x0x10cf266]\n\t(No symbol) [0x0x109e852]\n\t(No symbol) [0x0x109f6f4]\n\tGetHandleVerifier [0x0x1494793+2619075]\n\tGetHandleVerifier [0x0x148fbaa+2599642]\n\tGetHandleVerifier [0x0x124b04a+221050]\n\tGetHandleVerifier [0x0x123b2c8+156152]\n\tGetHandleVerifier [0x0x1241c7d+183213]\n\tGetHandleVerifier [0x0x122c388+94904]\n\tGetHandleVerifier [0x0x122c512+95298]\n\tGetHandleVerifier [0x0x121766a+9626]\n\tBaseThreadInitThunk [0x0x75e2fcc9+25]\n\tRtlGetAppContainerNamedObjectPath [0x0x77ab82ae+286]\n\tRtlGetAppContainerNamedObjectPath [0x0x77ab827e+238]\n\n", "trace": "  File \"C:\\Users\\Spanidea\\pytest\\testsuites\\jobeze\\test_job_search.py\", line 52, in test_search_job_by_location\n    message = self.driver.find_element(By.XPATH,\"//p[@class='error-message2 px-4 py-2 shadow-lg']\")\n              ^^^^^^^^^^^^^^^^^^^^^^^^^^^^^^^^^^^^^^^^^^^^^^^^^^^^^^^^^^^^^^^^^^^^^^^^^^^^^^^^^^^^^\n  File \"C:\\Users\\Spanidea\\pytest\\venv\\Lib\\site-packages\\selenium\\webdriver\\remote\\webdriver.py\", line 922, in find_element\n    return self.execute(Command.FIND_ELEMENT, {\"using\": by, \"value\": value})[\"value\"]\n           ^^^^^^^^^^^^^^^^^^^^^^^^^^^^^^^^^^^^^^^^^^^^^^^^^^^^^^^^^^^^^^^^^\n  File \"C:\\Users\\Spanidea\\pytest\\venv\\Lib\\site-packages\\selenium\\webdriver\\remote\\webdriver.py\", line 454, in execute\n    self.error_handler.check_response(response)\n  File \"C:\\Users\\Spanidea\\pytest\\venv\\Lib\\site-packages\\selenium\\webdriver\\remote\\errorhandler.py\", line 232, in check_response\n    raise exception_class(message, screen, stacktrace)\n"}, "steps": [{"name": "Enter text in Adding Location", "status": "passed", "start": 1752121929031, "stop": 1752121929433}, {"name": "Click element: searching job", "status": "passed", "start": 1752121929433, "stop": 1752121929653}], "start": 1752121929031, "stop": 1752121954669}], "attachments": [{"source": "95fc21aa-2f95-402c-997a-b721e4eb77e2-attachment.png", "type": "image/png"}, {"name": "log", "source": "f147ad87-b717-415a-b463-da5e4a63db84-attachment.txt", "type": "text/plain"}, {"name": "stdout", "source": "e74b8f66-53e4-4d63-905b-f4d6d77bfbb9-attachment.txt", "type": "text/plain"}], "start": 1752121929031, "stop": 1752121954674, "uuid": "a3e1a802-3736-462e-a31a-b24248b2d397", "historyId": "e0e5de7fc842196d6366c0ccf5b0e3ae", "testCaseId": "e0e5de7fc842196d6366c0ccf5b0e3ae", "fullName": "testsuites.jobeze.test_job_search.TestHomePage#test_search_job_by_location", "labels": [{"name": "tag", "value": "Sanity"}, {"name": "feature", "value": "Jobeze Home Page Tests"}, {"name": "parentSuite", "value": "testsuites.jobeze"}, {"name": "suite", "value": "test_job_search"}, {"name": "subSuite", "value": "TestHomePage"}, {"name": "host", "value": "DESKTOP-13ER94R"}, {"name": "thread", "value": "3292-MainThread"}, {"name": "framework", "value": "pytest"}, {"name": "language", "value": "cpython3"}, {"name": "package", "value": "testsuites.jobeze.test_job_search"}]}